<?xml version="1.0" encoding="UTF-8"?>
<testsuite xmlns:xsi="http://www.w3.org/2001/XMLSchema-instance" xsi:noNamespaceSchemaLocation="https://maven.apache.org/surefire/maven-surefire-plugin/xsd/surefire-test-report.xsd" name="com.capstone.application.PatientInfoServiceApplicationTests" time="4.855" tests="3" errors="0" skipped="0" failures="0">
  <properties>
[...]
</properties>
  <testcase name="findingPatientById" classname="com.capstone.application.PatientInfoServiceApplicationTests" time="0.022"/>
  <testcase name="getAllPatients" classname="com.capstone.application.PatientInfoServiceApplicationTests" time="0.007"/>
  <testcase name="updatePatient" classname="com.capstone.application.PatientInfoServiceApplicationTests" time="0.006"/>
</testsuite>